./rtl/src_x2h/DW_axi_x2h_cc_constants.v
./rtl/src_x2h/DW_axi_x2h_ahb_cgen.v
./rtl/src_x2h/DW_axi_x2h_ahb_cgen_logic.v
./rtl/src_x2h/DW_axi_x2h_ahb_cpipe.v
./rtl/src_x2h/DW_axi_x2h_ahb_fpipe.v
./rtl/src_x2h/DW_axi_x2h_ahb_if.v
./rtl/src_x2h/DW_axi_x2h_ahb_master.v
./rtl/src_x2h/DW_axi_x2h_arb.v
./rtl/src_x2h/DW_axi_x2h_cmd_queue.v
./rtl/src_x2h/DW_axi_x2h_power_ctrl.v
./rtl/src_x2h/DW_axi_x2h_read_data_buffer.v
./rtl/src_x2h/DW_axi_x2h_resp_buffer.v
./rtl/src_x2h/DW_axi_x2h_slave.v
./rtl/src_x2h/DW_axi_x2h_write_data_buffer.v
./rtl/src_x2h/DW_axi_x2h_bcm57.v
./rtl/src_x2h/DW_axi_x2h_bcm21.v
./rtl/src_x2h/DW_axi_x2h_bcm07.v
./rtl/src_x2h/DW_axi_x2h_bcm06.v
./rtl/src_x2h/DW_axi_x2h_bcm05.v
./rtl/src_x2h/DW_axi_x2h_trcnt.v
./rtl/src_x2h/DW_axi_x2h.v
./rtl/src_x2h/DW_axi_x2h-undef.v