./rtl/src_mctl/DW_memctl_params.v
./rtl/src_mctl/DW_memctl_bcm_params.v
./rtl/src_mctl/DW_memctl_constants.v
./rtl/src_mctl/DW_memctl_bcm01.v
./rtl/src_mctl/DW_memctl_hiu.v
./rtl/src_mctl/DW_memctl_hiu_afifo.v
./rtl/src_mctl/DW_memctl_fifo.v
./rtl/src_mctl/DW_memctl_hiu_acore.v
./rtl/src_mctl/DW_memctl_hiu_dfifo.v
./rtl/src_mctl/DW_memctl_hiu_dcore.v
./rtl/src_mctl/DW_memctl_hiu_ctl.v
./rtl/src_mctl/DW_memctl_hiu_rbuf.v
./rtl/src_mctl/DW_memctl_miu_ddrwr.v
./rtl/src_mctl/DW_memctl_miu_dsdc.v
./rtl/src_mctl/DW_memctl_miu_addrdec.v
./rtl/src_mctl/DW_memctl_miu_refctl.v
./rtl/src_mctl/DW_memctl_miu_cr.v
./rtl/src_mctl/DW_memctl_miu_dmc.v
./rtl/src_mctl/DW_memctl_miu.v
./rtl/src_mctl/DW_memctl.v
./rtl/src_mctl/DW_memctl_top.v
./rtl/src_mctl/DW_memctl-undef.v