229377,230401c229377,230400
< 1c443a20
< 0620322a
< 322a5656
< 42317720
< 6a20322a
< 322a0604
< 00554320
< 002c3c34
< 3c346010
< 1c443a2c
< 062c3c34
< 3c345656
< 4231772c
< 6a2c3c34
< 3c340604
< 0055432c
< 00303f34
< 3f346010
< 1c443a30
< 06303f34
< 3f345656
< 42317730
< 6a303f34
< 3f340604
< 00554330
< 002f3d2f
< 3d2f6010
< 1c443a2f
< 062f3d2f
< 3d2f5656
< 4231772f
< 6a2f3d2f
< 3d2f0604
< 0055432f
< 0025382b
< 382b6010
< 1c443a25
< 0625382b
< 382b5656
< 42317725
< 6a25382b
< 382b0604
< 00554325
< 0021362b
< 362b6010
< 1c443a21
< 0621362b
< 362b5656
< 42317721
< 6a21362b
< 362b0604
< 00554321
< 001c2f26
< 2f266010
< 1c443a1c
< 061c2f26
< 2f265656
< 4231771c
< 6a1c2f26
< 2f260604
< 0055431c
< 001f2c26
< 2c266010
< 1c443a1f
< 061f2c26
< 2c265656
< 4231771f
< 6a1f2c26
< 2c260604
< 0055431f
< 001e2e28
< 2e286010
< 1c443a1e
< 061e2e28
< 2e285656
< 4231771e
< 6a1e2e28
< 2e280604
< 0055431e
< 0022302a
< 302a6010
< 1c443a22
< 0622302a
< 302a5656
< 42317722
< 6a22302a
< 302a0604
< 00554322
< 002a382e
< 382e6010
< 1c443a2a
< 062a382e
< 382e5656
< 4231772a
< 6a2a382e
< 382e0604
< 0055432a
< 002c3e33
< 3e336010
< 1c443a2c
< 062c3e33
< 3e335656
< 4231772c
< 6a2c3e33
< 3e330604
< 0055432c
< 00334033
< 40336010
< 1c443a33
< 06334033
< 40335656
< 42317733
< 6a334033
< 40330604
< 00554333
< 00334033
< 40336010
< 1c443a33
< 06334033
< 40335656
< 42317733
< 6a334033
< 40330604
< 00554333
< 00303d2c
< 3d2c6010
< 1c443a30
< 06303d2c
< 3d2c5656
< 42317730
< 6a303d2c
< 3d2c0604
< 00554330
< 00283024
< 30246010
< 1c443a28
< 06283024
< 30245656
< 42317728
< 6a283024
< 30240604
< 00554328
< 00364133
< 41336010
< 1c443a36
< 06364133
< 41335656
< 42317736
< 6a364133
< 41330604
< 00554336
< 002b3b30
< 3b306010
< 1c443a2b
< 062b3b30
< 3b305656
< 4231772b
< 6a2b3b30
< 3b300604
< 0055432b
< 0026362f
< 362f6010
< 1c443a26
< 0626362f
< 362f5656
< 42317726
< 6a26362f
< 362f0604
< 00554326
< 0028372e
< 372e6010
< 1c443a28
< 0628372e
< 372e5656
< 42317728
< 6a28372e
< 372e0604
< 00554328
< 00303c33
< 3c336010
< 1c443a30
< 06303c33
< 3c335656
< 42317730
< 6a303c33
< 3c330604
< 00554330
< 002c3a30
< 3a306010
< 1c443a2c
< 062c3a30
< 3a305656
< 4231772c
< 6a2c3a30
< 3a300604
< 0055432c
< 00202f26
< 2f266010
< 1c443a20
< 06202f26
< 2f265656
< 42317720
< 6a202f26
< 2f260604
< 00554320
< 00202b24
< 2b246010
< 1c443a20
< 06202b24
< 2b245656
< 42317720
< 6a202b24
< 2b240604
< 00554320
< 001c2a24
< 2a246010
< 1c443a1c
< 061c2a24
< 2a245656
< 4231771c
< 6a1c2a24
< 2a240604
< 0055431c
< 001f2e26
< 2e266010
< 1c443a1f
< 061f2e26
< 2e265656
< 4231771f
< 6a1f2e26
< 2e260604
< 0055431f
< 00202b26
< 2b266010
< 1c443a20
< 06202b26
< 2b265656
< 42317720
< 6a202b26
< 2b260604
< 00554320
< 001c2e28
< 2e286010
< 1c443a1c
< 061c2e28
< 2e285656
< 4231771c
< 6a1c2e28
< 2e280604
< 0055431c
< 00202e28
< 2e286010
< 1c443a20
< 06202e28
< 2e285656
< 42317720
< 6a202e28
< 2e280604
< 00554320
< 001e2b27
< 2b276010
< 1c443a1e
< 061e2b27
< 2b275656
< 4231771e
< 6a1e2b27
< 2b270604
< 0055431e
< 001e2824
< 28246010
< 1c443a1e
< 061e2824
< 28245656
< 4231771e
< 6a1e2824
< 28240604
< 0055431e
< 00212924
< 29246010
< 1c443a21
< 06212924
< 29245656
< 42317721
< 6a212924
< 29240604
< 00554321
< 001e2b26
< 2b266010
< 1c443a1e
< 061e2b26
< 2b265656
< 4231771e
< 6a1e2b26
< 2b260604
< 0055431e
< 00313127
< 31276010
< 1c443a31
< 06313127
< 31275656
< 42317731
< 6a313127
< 31270604
< 00554331
< 00224650
< 46506010
< 1c443a22
< 06224650
< 46505656
< 42317722
< 6a224650
< 46500604
< 00554322
< 002c4b54
< 4b546010
< 1c443a2c
< 062c4b54
< 4b545656
< 4231772c
< 6a2c4b54
< 4b540604
< 0055432c
< 002d5056
< 50566010
< 1c443a2d
< 062d5056
< 50565656
< 4231772d
< 6a2d5056
< 50560604
< 0055432d
< 00284d54
< 4d546010
< 1c443a28
< 06284d54
< 4d545656
< 42317728
< 6a284d54
< 4d540604
< 00554328
< 002b4c54
< 4c546010
< 1c443a2b
< 062b4c54
< 4c545656
< 4231772b
< 6a2b4c54
< 4c540604
< 0055432b
< 00305258
< 52586010
< 1c443a30
< 06305258
< 52585656
< 42317730
< 6a305258
< 52580604
< 00554330
< 00355458
< 54586010
< 1c443a35
< 06355458
< 54585656
< 42317735
< 6a355458
< 54580604
< 00554335
< 003f5456
< 54566010
< 1c443a3f
< 063f5456
< 54565656
< 4231773f
< 6a3f5456
< 54560604
< 0055433f
< 00354b4e
< 4b4e6010
< 1c443a35
< 06354b4e
< 4b4e5656
< 42317735
< 6a354b4e
< 4b4e0604
< 00554335
< 00223b44
< 3b446010
< 1c443a22
< 06223b44
< 3b445656
< 42317722
< 6a223b44
< 3b440604
< 00554322
< 0030484d
< 484d6010
< 1c443a30
< 0630484d
< 484d5656
< 42317730
< 6a30484d
< 484d0604
< 00554330
< 00304b52
< 4b526010
< 1c443a30
< 06304b52
< 4b525656
< 42317730
< 6a304b52
< 4b520604
< 00554330
< 002b4e52
< 4e526010
< 1c443a2b
< 062b4e52
< 4e525656
< 4231772b
< 6a2b4e52
< 4e520604
< 0055432b
< 002e5054
< 50546010
< 1c443a2e
< 062e5054
< 50545656
< 4231772e
< 6a2e5054
< 50540604
< 0055432e
< 002b494e
< 494e6010
< 1c443a2b
< 062b494e
< 494e5656
< 4231772b
< 6a2b494e
< 494e0604
< 0055432b
< 0028484d
< 484d6010
< 1c443a28
< 0628484d
< 484d5656
< 42317728
< 6a28484d
< 484d0604
< 00554328
< 002c4e54
< 4e546010
< 1c443a2c
< 062c4e54
< 4e545656
< 4231772c
< 6a2c4e54
< 4e540604
< 0055432c
< 002c4b50
< 4b506010
< 1c443a2c
< 062c4b50
< 4b505656
< 4231772c
< 6a2c4b50
< 4b500604
< 0055432c
< 00305152
< 51526010
< 1c443a30
< 06305152
< 51525656
< 42317730
< 6a305152
< 51520604
< 00554330
< 002f5050
< 50506010
< 1c443a2f
< 062f5050
< 50505656
< 4231772f
< 6a2f5050
< 50500604
< 0055432f
< 002a4a4c
< 4a4c6010
< 1c443a2a
< 062a4a4c
< 4a4c5656
< 4231772a
< 6a2a4a4c
< 4a4c0604
< 0055432a
< 00274b4f
< 4b4f6010
< 1c443a27
< 06274b4f
< 4b4f5656
< 42317727
< 6a274b4f
< 4b4f0604
< 00554327
< 002b4c51
< 4c516010
< 1c443a2b
< 062b4c51
< 4c515656
< 4231772b
< 6a2b4c51
< 4c510604
< 0055432b
< 00294b4f
< 4b4f6010
< 1c443a29
< 06294b4f
< 4b4f5656
< 42317729
< 6a294b4f
< 4b4f0604
< 00554329
< 002a4d4e
< 4d4e6010
< 1c443a2a
< 062a4d4e
< 4d4e5656
< 4231772a
< 6a2a4d4e
< 4d4e0604
< 0055432a
< 002e4e51
< 4e516010
< 1c443a2e
< 062e4e51
< 4e515656
< 4231772e
< 6a2e4e51
< 4e510604
< 0055432e
< 0025444a
< 444a6010
< 1c443a25
< 0625444a
< 444a5656
< 42317725
< 6a25444a
< 444a0604
< 00554325
< 00274440
< 44406010
< 1c443a27
< 06274440
< 44405656
< 42317727
< 6a274440
< 44400604
< 00554327
< 001d3632
< 36326010
< 1c443a1d
< 061d3632
< 36325656
< 4231771d
< 6a1d3632
< 36320604
< 0055431d
< 00102020
< 20206010
< 1c443a10
< 06102020
< 20205656
< 42317710
< 6a102020
< 20200604
< 00554310
< 00100f14
< 0f146010
< 1c443a10
< 06100f14
< 0f145656
< 42317710
< 6a100f14
< 0f140604
< 00554310
< 0014141a
< 141a6010
< 1c443a14
< 0614141a
< 141a5656
< 42317714
< 6a14141a
< 141a0604
< 00554314
< 0015181a
< 181a6010
< 1c443a15
< 0615181a
< 181a5656
< 42317715
< 6a15181a
< 181a0604
< 00554315
< 001b2320
< 23206010
< 1c443a1b
< 061b2320
< 23205656
< 4231771b
< 6a1b2320
< 23200604
< 0055431b
< 001a211e
< 211e6010
< 1c443a1a
< 061a211e
< 211e5656
< 4231771a
< 6a1a211e
< 211e0604
< 0055431a
< 00121b1b
< 1b1b6010
< 1c443a12
< 06121b1b
< 1b1b5656
< 42317712
< 6a121b1b
< 1b1b0604
< 00554312
< 0012241f
< 241f6010
< 1c443a12
< 0612241f
< 241f5656
< 42317712
< 6a12241f
< 241f0604
< 00554312
< 00192a25
< 2a256010
< 1c443a19
< 06192a25
< 2a255656
< 42317719
< 6a192a25
< 2a250604
< 00554319
< 001a2a2a
< 2a2a6010
< 1c443a1a
< 061a2a2a
< 2a2a5656
< 4231771a
< 6a1a2a2a
< 2a2a0604
< 0055431a
< 0015282b
< 282b6010
< 1c443a15
< 0615282b
< 282b5656
< 42317715
< 6a15282b
< 282b0604
< 00554315
< 00182529
< 25296010
< 1c443a18
< 06182529
< 25295656
< 42317718
< 6a182529
< 25290604
< 00554318
< 00132022
< 20226010
< 1c443a13
< 06132022
< 20225656
< 42317713
< 6a132022
< 20220604
< 00554313
< 00172227
< 22276010
< 1c443a17
< 06172227
< 22275656
< 42317717
< 6a172227
< 22270604
< 00554317
< 001c1f22
< 1f226010
< 1c443a1c
< 061c1f22
< 1f225656
< 4231771c
< 6a1c1f22
< 1f220604
< 0055431c
< 00202324
< 23246010
< 1c443a20
< 06202324
< 23245656
< 42317720
< 6a202324
< 23240604
< 00554320
< 00192020
< 20206010
< 1c443a19
< 06192020
< 20205656
< 42317719
< 6a192020
< 20200604
< 00554319
< 00181f1f
< 1f1f6010
< 1c443a18
< 06181f1f
< 1f1f5656
< 42317718
< 6a181f1f
< 1f1f0604
< 00554318
< 00181e1d
< 1e1d6010
< 1c443a18
< 06181e1d
< 1e1d5656
< 42317718
< 6a181e1d
< 1e1d0604
< 00554318
< 0016221e
< 221e6010
< 1c443a16
< 0616221e
< 221e5656
< 42317716
< 6a16221e
< 221e0604
< 00554316
< 00161c1d
< 1c1d6010
< 1c443a16
< 06161c1d
< 1c1d5656
< 42317716
< 6a161c1d
< 1c1d0604
< 00554316
< 00101011
< 10116010
< 1c443a10
< 06101011
< 10115656
< 42317710
< 6a101011
< 10110604
< 00554310
< 00111314
< 13146010
< 1c443a11
< 06111314
< 13145656
< 42317711
< 6a111314
< 13140604
< 00554311
< 000e1011
< 10116010
< 1c443a0e
< 060e1011
< 10115656
< 4231770e
< 6a0e1011
< 10110604
< 0055430e
< 000a070b
< 070b6010
< 1c443a0a
< 060a070b
< 070b5656
< 4231770a
< 6a0a070b
< 070b0604
< 0055430a
< 000f0c0e
< 0c0e6010
< 1c443a0f
< 060f0c0e
< 0c0e5656
< 4231770f
< 6a0f0c0e
< 0c0e0604
< 0055430f
< 00282018
< 20186010
< 1c443a28
< 06282018
< 20185656
< 42317728
< 6a282018
< 20180604
< 00554328
< 00473120
< 31206010
< 1c443a47
< 06473120
< 31205656
< 42317747
< 6a473120
< 31200604
< 00554347
< 00573f23
< 3f236010
< 1c443a57
< 06573f23
< 3f235656
< 42317757
< 6a573f23
< 3f230604
< 00554357
< 007a582a
< 582a6010
< 1c443a7a
< 067a582a
< 582a5656
< 4231777a
< 6a7a582a
< 582a0604
< 0055437a
< 00775829
< 58296010
< 1c443a77
< 06775829
< 58295656
< 42317777
< 6a775829
< 58290604
< 00554377
< 00745830
< 58306010
< 1c443a74
< 06745830
< 58305656
< 42317774
< 6a745830
< 58300604
< 00554374
< 00715e44
< 5e446010
< 1c443a71
< 06715e44
< 5e445656
< 42317771
< 6a715e44
< 5e440604
< 00554371
< 006e6454
< 64546010
< 1c443a6e
< 066e6454
< 64545656
< 4231776e
< 6a6e6454
< 64540604
< 0055436e
< 00695444
< 54446010
< 1c443a69
< 06695444
< 54445656
< 42317769
< 6a695444
< 54440604
< 00554369
< 00573b2a
< 3b2a6010
< 1c443a57
< 06573b2a
< 3b2a5656
< 42317757
< 6a573b2a
< 3b2a0604
< 00554357
< 00664d2e
< 4d2e6010
< 1c443a66
< 06664d2e
< 4d2e5656
< 42317766
< 6a664d2e
< 4d2e0604
< 00554366
< 00765d38
< 5d386010
< 1c443a76
< 06765d38
< 5d385656
< 42317776
< 6a765d38
< 5d380604
< 00554376
< 00725c40
< 5c406010
< 1c443a72
< 06725c40
< 5c405656
< 42317772
< 6a725c40
< 5c400604
< 00554372
< 006f604e
< 604e6010
< 1c443a6f
< 066f604e
< 604e5656
< 4231776f
< 6a6f604e
< 604e0604
< 0055436f
< 006e5f50
< 5f506010
< 1c443a6e
< 066e5f50
< 5f505656
< 4231776e
< 6a6e5f50
< 5f500604
< 0055436e
< 006e6256
< 62566010
< 1c443a6e
< 066e6256
< 62565656
< 4231776e
< 6a6e6256
< 62560604
< 0055436e
< 006e655c
< 655c6010
< 1c443a6e
< 066e655c
< 655c5656
< 4231776e
< 6a6e655c
< 655c0604
< 0055436e
< 006f6456
< 64566010
< 1c443a6f
< 066f6456
< 64565656
< 4231776f
< 6a6f6456
< 64560604
< 0055436f
< 006b5c4a
< 5c4a6010
< 1c443a6b
< 066b5c4a
< 5c4a5656
< 4231776b
< 6a6b5c4a
< 5c4a0604
< 0055436b
< 00645245
< 52456010
< 1c443a64
< 06645245
< 52455656
< 42317764
< 6a645245
< 52450604
< 00554364
< 00645040
< 50406010
< 1c443a64
< 06645040
< 50405656
< 42317764
< 6a645040
< 50400604
< 00554364
< 006b5844
< 58446010
< 1c443a6b
< 066b5844
< 58445656
< 4231776b
< 6a6b5844
< 58440604
< 0055436b
< 006f6457
< 64576010
< 1c443a6f
< 066f6457
< 64575656
< 4231776f
< 6a6f6457
< 64570604
< 0055436f
< 006b645d
< 645d6010
< 1c443a6b
< 066b645d
< 645d5656
< 4231776b
< 6a6b645d
< 645d0604
< 0055436b
< 006c6053
< 60536010
< 1c443a6c
< 066c6053
< 60535656
< 4231776c
< 6a6c6053
< 60530604
< 0055436c
< 
---
> 3b463040
> 2f3e2b24
> 2b223b44
> 3b422f3d
> 2e3b2c23
> 2a223a41
> 39432f3e
> 303f2c23
> 2b233b44
> 3b453142
> 32442c23
> 2c263b47
> 39412e3c
> 2d3b2a22
> 2a213a41
> 38432e3f
> 31412b23
> 2c263745
> 3a44303f
> 31422b23
> 2c253845
> 38432d3e
> 2e3d2923
> 2a223742
> 39432f3d
> 303e2c23
> 2a243b45
> 3c493445
> 31412e27
> 2c253945
> 38442f41
> 30402c23
> 2b233a44
> 3c463142
> 33432c24
> 2d263a46
> 3a483245
> 31442d26
> 2d253948
> 3a463244
> 32442e26
> 2d263747
> 38463142
> 30422c25
> 2c263645
> 38453141
> 2f3e2b25
> 2b223b42
> 38453040
> 2f3e2b24
> 2b233943
> 39452f42
> 2e3e2b24
> 2a233642
> 39402b38
> 2e3d2821
> 2b223a41
> 39463042
> 30412b24
> 2b253544
> 383f2c38
> 2d3a2820
> 2a213940
> 36402d3b
> 2d3d2922
> 2a223642
> 38432e3e
> 2c3a2b24
> 2a223740
> 36422e3d
> 2e3f2923
> 2b243543
> 323f2c3b
> 2e3d2923
> 2a233240
> 37432f3e
> 2d3b2b23
> 2a223640
> 33402c3d
> 2d3e2923
> 2a253240
> 33422d3e
> 2c3d2924
> 2923333f
> 34412d3e
> 2e3e2923
> 2a243441
> 35402c3a
> 2b382922
> 2820353f
> 323d2a39
> 2b382821
> 2822303c
> 323e2b3a
> 2d3d2821
> 29243340
> 333d2b38
> 2a382820
> 2821353e
> 353e2b38
> 2c382720
> 2820363f
> 353d2a36
> 2c3a271f
> 2921373f
> 36432f3e
> 2d3e2b23
> 2a233743
> 38402d38
> 2c3a2822
> 29213740
> 343f2c3c
> 2d3b2922
> 28213640
> 36422d3d
> 2d3d2922
> 29233240
> 303d2c3b
> 2b3a2923
> 2821353f
> 363e2c3a
> 2b382821
> 2720323d
> 343f2d3b
> 2c3a2922
> 2822323d
> 323d2b38
> 2d3c2820
> 2924303d
> 303d2c3b
> 2b392822
> 2821333f
> 343f2c3b
> 29372921
> 2821323c
> 343f2a38
> 2b382820
> 2821313d
> 333d2b38
> 2c372821
> 2820363f
> 303d2b38
> 2c3b2822
> 2923303e
> 323f2c3c
> 2a382922
> 2721323c
> 373e2b37
> 2c38281f
> 281f373f
> 313d2a38
> 28362821
> 27202f3a
> 2d3b2a39
> 29372822
> 2720323b
> 333d2937
> 29372720
> 2720333d
> 313a2936
> 2c382720
> 28232f3b
> 323c2b38
> 2a372720
> 2821353d
> 353c2a36
> 2b372720
> 2720363d
> 323c2a36
> 2a362620
> 271f313a
> 333d2b38
> 2a372721
> 2821303b
> 333c2835
> 2a382720
> 281f333b
> 2e3a2a38
> 2a382822
> 2922313b
> 323c2a36
> 2a362720
> 2721313a
> 2f3c2b3a
> 2b3a2823
> 2822303d
> 313b2a37
> 2a382720
> 2720323c
> 303b2a38
> 29382821
> 2721303a
> 333b2936
> 2a37261f
> 2720343d
> 31392a37
> 2a372720
> 2821333b
> 313d2a38
> 2b382821
> 2720323d
> 323e2c3a
> 2b3a2822
> 2821313e
> 2f3c2b38
> 2c3a2821
> 2922313e
> 303b2a37
> 2c3a2821
> 28222f3d
> 2f3a2938
> 29362721
> 2720333c
> 333d2a38
> 29382821
> 2820313c
> 303a2937
> 29382720
> 2821323c
> 333b2836
> 2a37251f
> 271f323c
> 343f2c3b
> 2c382921
> 2721333d
> 313d2a38
> 2b3a2820
> 2920333f
> 343d2b38
> 2b382721
> 2821353f
> 323c2a38
> 2a382721
> 2820333d
> 36402b3b
> 2c3a2922
> 2821323d
> 313c2a37
> 29372720
> 27202f3a
> 2f3a2a38
> 2a372721
> 2720333b
> 323c2a38
> 29352821
> 271f333b
> 373d2b36
> 2d39271f
> 2921323f
> 303e2b3a
> 2c3b2923
> 2822313f
> 313d2c3a
> 2b3a2923
> 2721303d
> 313d2b39
> 2b382922
> 28222f3c
> 313f2c3b
> 2b392921
> 2821353e
> 323f2b3b
> 2e3e2922
> 29233240
> 34402c3b
> 2d3d2921
> 2a233541
> 36412d3d
> 2c382922
> 2720333d
> 333d2a38
> 2a38271f
> 2721333d
> 333d2c39
> 2d3b2921
> 2a213841
> 373f2d3b
> 2d3e2922
> 2a233440
> 32412f3f
> 31422b25
> 2b253644
> 34433040
> 2c3d2c24
> 2922333f
> 313e2d3b
> 2f402923
> 2b243543
> 34443142
> 2f422d27
> 2c253444
> 34402d3e
> 2c3c2923
> 29223540
> 37463144
> 32432d28
> 2e283545
> 36463142
> 31422c25
> 2c263746
> 37453042
> 32442c26
> 2d273646
> 36453143
> 2f402d26
> 2b253543
> 36432f3f
> 31432b23
> 2c263946
> 35453041
> 2b3b2b25
> 2921333e
> 34402c3b
> 30422921
> 2c253645
> 38493347
> 34472f29
> 2f293849
> 38452f40
> 2d3d2c25
> 2a213941
> 38402c39
> 2d3d2a22
> 29223741
> 39433040
> 2f3e2b23
> 2b223843
> 38432e3e
> 2b392b22
> 2821313d
> 3a44303f
> 2f3c2c24
> 2b233b42
> 3a422f3c
> 2e3b2a22
> 2a223941
> 39412e3b
> 2d3a2a22
> 29213b41
> 3b422e3a
> 303e2920
> 2c223b44
> 3a412e3b
> 2c382a22
> 291f393f
> 39422f3d
> 35482b22
> 30283949
> 3a432e3f
> 30402c22
> 2c233a43
> 3b483446
> 33442e27
> 2d263947
> 38432e3f
> 2e3d2b23
> 2a223942
> 38473245
> 33462e27
> 2d283746
> 3a483244
> 31422d27
> 2c253b46
> 3a412f3c
> 2e3b2a22
> 2a223b42
> 39463142
> 33472c24
> 2e283948
> 39463142
> 30422d26
> 2b253845
> 3a453042
> 31422c25
> 2c243a46
> 37463142
> 2f3e2d26
> 2a233744
> 38432e3d
> 30422a22
> 2c253945
> 39463244
> 30402d27
> 2c243845
> 37442e3f
> 2e3b2a23
> 2a213941
> 37442f40
> 2e3f2b24
> 2a243542
> 353f2b3a
> 2d3b2921
> 29223740
> 37452f42
> 2f402b24
> 2b253643
> 34422f3f
> 2b3a2b25
> 2921353e
> 35402c3b
> 2c3c2822
> 2923323e
> 323f2d3a
> 30402922
> 2b253342
> 35453042
> 2e3d2c25
> 2a223641
> 34412d3e
> 2f402923
> 2b243543
> 33402d3e
> 2c3c2924
> 2824323f
> 343f2a3a
> 2a382821
> 2820333d
> 353d2b38
> 2b3a2820
> 2822323f
> 313c2938
> 2a382721
> 2720333d
> 333d2b39
> 2b382720
> 2820333e
> 353e2d3a
> 2d3e2821
> 2923333f
> 323d2a38
> 2a372822
> 2821363e
> 363f2b39
> 2a382920
> 2721333d
> 32402c3c
> 2d3c2921
> 2a223540
> 343f2c3a
> 2b372820
> 2820343d
> 34402c3b
> 2c3c2921
> 2821333f
> 37402c3a
> 2b372a21
> 281f373f
> 333f2c3c
> 2d3e2922
> 2a243240
> 323f2c3b
> 2a382822
> 2821313c
> 333e2b39
> 2a382821
> 2821313d
> 333c2a38
> 2a382821
> 2822313c
> 303c2937
> 2a372720
> 2820333b
> 343f2b38
> 29372820
> 2720343c
> 323b2937
> 2a372720
> 2721333d
> 353f2b3a
> 2b382820
> 2720353f
> 343c2b38
> 29382820
> 2721323c
> 343d2a38
> 2a382821
> 2720343d
> 343d2b38
> 2a362720
> 2820353d
> 343d2c38
> 29362820
> 26202f3a
> 343c2a36
> 2a362720
> 2720323c
> 323c2a37
> 2a382720
> 2720333d
> 333d2b38
> 2b382721
> 2821313c
> 323d2b3a
> 2a382821
> 2721323c
> 333c2937
> 2b372720
> 2820353d
> 353e2b38
> 2a36281f
> 2720313c
> 31392a35
> 28372720
> 27202f3b
> 30382733
> 2836261f
> 261f313a
> 2e3b2938
> 29382722
> 28202f3a
> 303a2a37
> 29372720
> 27222e3a
> 303b2a37
> 29382821
> 27202f3a
> 323b2835
> 2a372720
> 2720343e
> 313b2a37
> 2a372720
> 2721303b
> 323b2a37
> 2a372721
> 2820323c
> 313a2b36
> 2c372820
> 2720333d
> 353e2c38
> 2c372820
> 2820343d
> 373f2c37
> 2b3a2820
> 2921353e
> 323e2a3a
> 2a382821
> 2820333d
> 333d2b39
> 2b382721
> 2820333e
> 343d2a37
> 2b372721
> 281f373d
> 343d2a37
> 2c3a2720
> 2922313d
> 2f3c2b3a
> 2a382823
> 2821313b
> 313a2a36
> 2a352721
> 271f343c
> 323c2a37
> 2a382720
> 271f343d
> 343d2b37
> 2b372820
> 281f373e
> 373f2c3a
> 2b3a2921
> 2922313f
> 323b2b37
> 2a37271f
> 2820363d
> 333d2a38
> 29362821
> 2721323b
> 2f3a2937
> 2a392620
> 28222e3b
> 2f3a2937
> 2b3a2821
> 2822303c
> 303b2a38
> 29352822
> 26213139
> 343c2a36
> 2a39261e
> 28222e3c
> 313d2b3c
> 2c3a2823
> 2923313e
> 343d2b37
> 2b392820
> 2920353e
> 33402e3d
> 2c3b2a22
> 2823303d
> 323e2b39
> 2b392821
> 2820343e
> 33402e3e
> 2c3d2a23
> 28223540
> 373f2c37
> 2d3d291f
> 2922343f
> 34422f3f
> 2b3a2b25
> 2922313e
> 313c2a38
> 2b3b2721
> 2821333f
> 33402d3c
> 2c3c2922
> 29233240
> 33402e3e
> 2f412a24
> 2c263344
> 35432f40
> 2e3d2a25
> 2a223642
> 35422f3e
> 2d3c2a24
> 29223340
> 33422e3e
> 31432923
> 2d273545
> 34433042
> 31432b25
> 2c263746
> 34412e40
> 2d3e2b25
> 2a223642
> 36463143
> 30402c26
> 2c243644
> 38463043
> 30412c26
> 2d243845
> 36453040
> 30442b24
> 2c263546
> 35412e40
> 30402b25
> 2b243644
> 36453043
> 30432c26
> 2c263746
> 35452f42
> 2d3d2c24
> 29223541
> 36422d3d
> 2d3e2a21
> 2a233543
> 35443041
> 30402c24
> 2b253744
> 37432e3e
> 2e3f2b23
> 2b233744
> 38432e3e
> 2f3d2a22
> 29223742
> 38432e3d
> 2d3d2921
> 2a223741
> 38422d3b
> 2b372922
> 2721353d
> 3c45303f
> 32442c23
> 2d263c47
> 39412d3b
> 2e3c2922
> 2a223941
> 3942303d
> 2f3d2a22
> 2a233941
> 39402c39
> 2d3b2a20
> 2a223941
> 3a422e3c
> 2c382a22
> 28203a3f
> 3a412e3b
> 33452a22
> 2e273948
> 39453141
> 2e3b2c25
> 2a213a41
> 3a473345
> 35462e27
> 2e273b49
> 39463143
> 30402d27
> 2b233845
> 3a473243
> 34462c26
> 2e293848
> 3b4b3649
> 35473029
> 2f293e4a
> 39442e3e
> 2d3b2a23
> 2a213a42
> 3a443040
> 36492b24
> 302a3b4a
> 39483346
> 2f3f2e27
> 2b233a43
> 39453041
> 2e3e2b25
> 2a223842
> 3c442f3e
> 2e3e2c23
> 2a233944
> 36432e40
> 30422924
> 2c253744
> 3a463142
> 32432c25
> 2c263a48
> 37432f3f
> 2b3a2b23
> 2921363f
> 36442f3f
> 30422b23
> 2c263544
> 33402e3e
> 30402a23
> 2c253644
> 3a483245
> 2c3d2d27
> 29223641
> 35412e3d
> 2f402a24
> 2b253343
> 35402d3e
> 2f3f2a23
> 2b253442
> 323f2e3c
> 2d3e2923
> 2a243442
> 35422f3e
> 2d3e2a22
> 2a233541
> 33412d3e
> 2c3b2a24
> 29223440
> 2f3d2d3c
> 2c3b2924
> 2921333f
> 333d2a38
> 2a372720
> 2821333c
> 333f2b3a
> 2c3b2821
> 28213540
> 343e2b38
> 2b372820
> 2720343d
> 333c2938
> 2a362720
> 281f363d
> 393f2c37
> 2c3b2820
> 29213640
> 323e2c3a
> 28362822
> 261f313a
> 343e2b3a
> 2d3e2821
> 2a243340
> 313d2b3a
> 2c372923
> 2820373f
> 34402c3b
> 2b392822
> 2822323e
> 34402d3c
> 2b392921
> 2821333e
> 333d2a38
> 2b3a2720
> 2821333f
> 313f2d3c
> 2d3b2923
> 2923313e
> 313d2b3a
> 2b3c2821
> 2922313d
> 323c2a37
> 2b37271f
> 2821363e
> 343d2b38
> 2b392820
> 2721343e
> 333d2a38
> 29382821
> 2720333e
> 343f2b38
> 2b372820
> 2720343c
> 343d2a38
> 2a362820
> 271f333c
> 373e2b37
> 2a38291f
> 2720333d
> 343c2936
> 2b372820
> 281f373f
> 383e2a37
> 2a36291f
> 271f363e
> 333e2a38
> 29352821
> 2620333c
> 333c2b38
> 2a362720
> 2620343c
> 353e2a37
> 29382821
> 2821323c
> 323c2a38
> 2b382822
> 2821363f
> 363e2b38
> 2b362820
> 271f363d
> 36412d3d
> 2b3a2920
> 2922313e
> 343c2a37
> 2a382720
> 2720343d
> 363f2b38
> 29372820
> 2720343c
> 313b2937
> 29382721
> 28222f3a
> 2e3a2936
> 29362720
> 2721303a
> 313a2937
> 2a372720
> 2721323b
> 323b2a37
> 2b382720
> 2822303b
> 303b2b39
> 28362822
> 28212f3a
> 343b2a36
> 2a372720
> 2720333c
> 333b2936
> 2a38271f
> 2821323c
> 333b2938
> 2a37271f
> 271f313b
> 323b2937
> 2a372720
> 2720353d
> 323b2a38
> 29372720
> 2720303b
> 333b2936
> 2b382720
> 2720343d
> 343f2c38
> 2b382720
> 2820343d
> 353d2b37
> 2b382821
> 281f383f
> 373f2a38
> 2b382921
> 2720323d
> 353e2a37
> 2a382821
> 2720333d
> 353f2b39
> 2b382820
> 2821363f
> 363e2b37
> 2936281f
> 2720343c
> 323c2a37
> 2b38261f
> 2721343d
> 343d2b38
> 2a362720
> 271f353b
> 363e2b38
> 2a362820
> 2820313a
> 353b2a35
> 2a37271f
> 261f343d
> 2e3a2937
> 28352722
> 27203039
> 323a2937
> 2b3a271f
> 2822303d
> 2f3c2b3a
> 2a382923
> 28222e3a
> 2f3d2a39
> 2a382923
> 28202f3b
> 303a2937
> 2b392720
> 29232e3c
> 333f2b3b
> 2b382921
> 2820363f
> 363e2b37
> 2b37281f
> 2820343d
> 303d2c3b
> 2c392923
> 2921323d
> 323d2a38
> 2a382821
> 2821323c
> 343f2c3c
> 2b382822
> 2820343f
> 353f2c3b
> 2d3c2821
> 2924323f
> 31402d3d
> 2f3e2a24
> 2c253241
> 31402e3d
> 2d3d2924
> 2a22333f
> 31402d3d
> 2e3e2924
> 2a253240
> 32412f3f
> 2d3e2b25
> 2a233641
> 37453041
> 30422c25
> 2c253443
> 33412f3f
> 2d3c2b24
> 29233240
> 34402d3d
> 30422923
> 2c263545
> 36453041
> 31442c25
> 2d273746
> 37442f41
> 2f402b24
> 2b243743
> 36432d3e
> 2e3e2b22
> 29233743
> 37453142
> 31422c25
> 2c263846
> 37452f40
> 2d3e2b24
> 2a223643
> 37422d3d
> 31442a22
> 2d253746
> 35443041
> 2f402b24
> 2b233643
> 37432f40
> 2d3d2a24
> 29223541
> 37422e3d
> 2e3e2a22
> 2b243742
> 34412e3d
> 2e3f2a22
> 2a233643
> 39483245
> 31452e28
> 2d283846
> 37442e3f
> 2f3e2b24
> 2a223843
> 39442e3f
> 2e3d2a23
> 29213843
> 39432f3e
> 2b392b22
> 2822303c
> 3b422e3a
> 33442a20
> 2d253c47
> 3a45303f
> 2f3c2b23
> 2b223a42
> 3b473143
> 31422d25
> 2c243945
> 3a453041
> 2e3d2d23
> 2b223a43
> 3944303e
> 2e3d2b23
> 2a233842
> 38432f3e
> 32432a23
> 2d273848
> 38453041
> 2d392c25
> 2a213a40
> 39422f3d
> 30402c23
> 2b233845
> 39463143
> 33452c25
> 2e273a48
> 3b473245
> 32432e25
> 2c253a46
> 39453243
> 32442c25
> 2d263948
> 39483245
